<?xml version="1.0" encoding="UTF-8"?>
<coverage generated="1756827138026" clover="3.2.0">
  <project timestamp="1756827138030" name="All files">
    <metrics statements="40" coveredstatements="32" conditionals="35" coveredconditionals="27" methods="16" coveredmethods="16" elements="91" coveredelements="75" complexity="0" loc="40" ncloc="40" packages="1" files="2" classes="2"/>
    <file name="book.js" path="C:\RKS PNC\Semester 5\praktek pengujian perangkat lunak\book-manager-node\book.js">
      <metrics statements="14" coveredstatements="10" conditionals="17" coveredconditionals="13" methods="3" coveredmethods="3"/>
      <line num="3" count="19" type="cond" truecount="3" falsecount="1"/>
      <line num="4" count="0" type="stmt"/>
      <line num="6" count="19" type="cond" truecount="3" falsecount="1"/>
      <line num="7" count="0" type="stmt"/>
      <line num="9" count="19" type="cond" truecount="3" falsecount="1"/>
      <line num="10" count="0" type="stmt"/>
      <line num="13" count="19" type="stmt"/>
      <line num="14" count="19" type="stmt"/>
      <line num="15" count="19" type="stmt"/>
      <line num="19" count="1" type="stmt"/>
      <line num="23" count="2" type="cond" truecount="1" falsecount="1"/>
      <line num="24" count="0" type="stmt"/>
      <line num="26" count="2" type="cond" truecount="3" falsecount="0"/>
      <line num="30" count="1" type="stmt"/>
    </file>
    <file name="bookManager.js" path="C:\RKS PNC\Semester 5\praktek pengujian perangkat lunak\book-manager-node\bookManager.js">
      <metrics statements="26" coveredstatements="22" conditionals="18" coveredconditionals="14" methods="13" coveredmethods="13"/>
      <line num="1" count="1" type="stmt"/>
      <line num="5" count="11" type="stmt"/>
      <line num="9" count="15" type="cond" truecount="2" falsecount="0"/>
      <line num="10" count="1" type="stmt"/>
      <line num="12" count="14" type="stmt"/>
      <line num="16" count="3" type="cond" truecount="3" falsecount="1"/>
      <line num="17" count="0" type="stmt"/>
      <line num="20" count="3" type="stmt"/>
      <line num="21" count="3" type="stmt"/>
      <line num="22" count="3" type="stmt"/>
      <line num="23" count="3" type="stmt"/>
      <line num="27" count="2" type="stmt"/>
      <line num="31" count="1" type="cond" truecount="3" falsecount="1"/>
      <line num="32" count="0" type="stmt"/>
      <line num="35" count="1" type="stmt"/>
      <line num="36" count="3" type="stmt"/>
      <line num="40" count="1" type="cond" truecount="3" falsecount="1"/>
      <line num="41" count="0" type="stmt"/>
      <line num="44" count="2" type="stmt"/>
      <line num="48" count="5" type="stmt"/>
      <line num="52" count="2" type="cond" truecount="3" falsecount="1"/>
      <line num="53" count="0" type="stmt"/>
      <line num="56" count="2" type="stmt"/>
      <line num="57" count="2" type="stmt"/>
      <line num="61" count="1" type="stmt"/>
      <line num="65" count="1" type="stmt"/>
    </file>
  </project>
</coverage>
