TN:
SF:book.js
FN:2,(anonymous_0)
FN:18,(anonymous_1)
FN:22,(anonymous_2)
FNF:3
FNH:3
FNDA:19,(anonymous_0)
FNDA:1,(anonymous_1)
FNDA:2,(anonymous_2)
DA:3,19
DA:4,0
DA:6,19
DA:7,0
DA:9,19
DA:10,0
DA:13,19
DA:14,19
DA:15,19
DA:19,1
DA:23,2
DA:24,0
DA:26,2
DA:30,1
LF:14
LH:10
BRDA:3,0,0,0
BRDA:3,0,1,19
BRDA:3,1,0,19
BRDA:3,1,1,19
BRDA:6,2,0,0
BRDA:6,2,1,19
BRDA:6,3,0,19
BRDA:6,3,1,19
BRDA:9,4,0,0
BRDA:9,4,1,19
BRDA:9,5,0,19
BRDA:9,5,1,19
BRDA:23,6,0,0
BRDA:23,6,1,2
BRDA:26,7,0,2
BRDA:26,7,1,1
BRDA:26,7,2,1
BRF:17
BRH:13
end_of_record
TN:
SF:bookManager.js
FN:4,(anonymous_0)
FN:8,(anonymous_1)
FN:15,(anonymous_2)
FN:22,(anonymous_3)
FN:26,(anonymous_4)
FN:30,(anonymous_5)
FN:36,(anonymous_6)
FN:39,(anonymous_7)
FN:44,(anonymous_8)
FN:47,(anonymous_9)
FN:51,(anonymous_10)
FN:57,(anonymous_11)
FN:60,(anonymous_12)
FNF:13
FNH:13
FNDA:11,(anonymous_0)
FNDA:15,(anonymous_1)
FNDA:3,(anonymous_2)
FNDA:3,(anonymous_3)
FNDA:2,(anonymous_4)
FNDA:1,(anonymous_5)
FNDA:3,(anonymous_6)
FNDA:1,(anonymous_7)
FNDA:2,(anonymous_8)
FNDA:5,(anonymous_9)
FNDA:2,(anonymous_10)
FNDA:1,(anonymous_11)
FNDA:1,(anonymous_12)
DA:1,1
DA:5,11
DA:9,15
DA:10,1
DA:12,14
DA:16,3
DA:17,0
DA:20,3
DA:21,3
DA:22,3
DA:23,3
DA:27,2
DA:31,1
DA:32,0
DA:35,1
DA:36,3
DA:40,1
DA:41,0
DA:44,2
DA:48,5
DA:52,2
DA:53,0
DA:56,2
DA:57,2
DA:61,1
DA:65,1
LF:26
LH:22
BRDA:9,0,0,1
BRDA:9,0,1,14
BRDA:16,1,0,0
BRDA:16,1,1,3
BRDA:16,2,0,3
BRDA:16,2,1,3
BRDA:31,3,0,0
BRDA:31,3,1,1
BRDA:31,4,0,1
BRDA:31,4,1,1
BRDA:40,5,0,0
BRDA:40,5,1,1
BRDA:40,6,0,1
BRDA:40,6,1,1
BRDA:52,7,0,0
BRDA:52,7,1,2
BRDA:52,8,0,2
BRDA:52,8,1,2
BRF:18
BRH:14
end_of_record
